2022-06-13 13:54:11.342  INFO 5468 --- [restartedMain] RedamancyAuthenticationCenterApplication : No active profile set, falling back to 1 default profile: "default"
2022-06-13 13:54:12.521  INFO 5468 --- [restartedMain] .s.d.r.c.RepositoryConfigurationDelegate : Multiple Spring Data modules found, entering strict repository configuration mode!
2022-06-13 13:54:12.526  INFO 5468 --- [restartedMain] .s.d.r.c.RepositoryConfigurationDelegate : Bootstrapping Spring Data Redis repositories in DEFAULT mode.
2022-06-13 13:54:12.549  INFO 5468 --- [restartedMain] .s.d.r.c.RepositoryConfigurationDelegate : Finished Spring Data repository scanning in 12 ms. Found 0 Redis repository interfaces.
2022-06-13 13:54:12.785  WARN 5468 --- [restartedMain] o.m.s.mapper.ClassPathMapperScanner      : Skipping MapperFactoryBean with name 'userMapper' and 'icu.redamancy.common.model.dao.auth.mapper.UserMapper' mapperInterface. Bean already defined with the same name!
2022-06-13 13:54:12.786  WARN 5468 --- [restartedMain] o.m.s.mapper.ClassPathMapperScanner      : Skipping MapperFactoryBean with name 'accountMapper' and 'icu.redamancy.common.model.dao.cloud.mapper.AccountMapper' mapperInterface. Bean already defined with the same name!
2022-06-13 13:54:12.786  WARN 5468 --- [restartedMain] o.m.s.mapper.ClassPathMapperScanner      : Skipping MapperFactoryBean with name 'declareMapper' and 'icu.redamancy.common.model.dao.cloud.mapper.DeclareMapper' mapperInterface. Bean already defined with the same name!
2022-06-13 13:54:12.786  WARN 5468 --- [restartedMain] o.m.s.mapper.ClassPathMapperScanner      : Skipping MapperFactoryBean with name 'houseNumberMapper' and 'icu.redamancy.common.model.dao.cloud.mapper.HouseNumberMapper' mapperInterface. Bean already defined with the same name!
2022-06-13 13:54:12.787  WARN 5468 --- [restartedMain] o.m.s.mapper.ClassPathMapperScanner      : Skipping MapperFactoryBean with name 'materialsMapper' and 'icu.redamancy.common.model.dao.cloud.mapper.MaterialsMapper' mapperInterface. Bean already defined with the same name!
2022-06-13 13:54:12.787  WARN 5468 --- [restartedMain] o.m.s.mapper.ClassPathMapperScanner      : Skipping MapperFactoryBean with name 'materialsTitleMapper' and 'icu.redamancy.common.model.dao.cloud.mapper.MaterialsTitleMapper' mapperInterface. Bean already defined with the same name!
2022-06-13 13:54:12.787  WARN 5468 --- [restartedMain] o.m.s.mapper.ClassPathMapperScanner      : Skipping MapperFactoryBean with name 'orderMapper' and 'icu.redamancy.common.model.dao.cloud.mapper.OrderMapper' mapperInterface. Bean already defined with the same name!
2022-06-13 13:54:12.787  WARN 5468 --- [restartedMain] o.m.s.mapper.ClassPathMapperScanner      : Skipping MapperFactoryBean with name 'orderMaterialsMapper' and 'icu.redamancy.common.model.dao.cloud.mapper.OrderMaterialsMapper' mapperInterface. Bean already defined with the same name!
2022-06-13 13:54:12.787  WARN 5468 --- [restartedMain] o.m.s.mapper.ClassPathMapperScanner      : Skipping MapperFactoryBean with name 'stayMapper' and 'icu.redamancy.common.model.dao.cloud.mapper.StayMapper' mapperInterface. Bean already defined with the same name!
2022-06-13 13:54:12.787  WARN 5468 --- [restartedMain] o.m.s.mapper.ClassPathMapperScanner      : Skipping MapperFactoryBean with name 'unitMapper' and 'icu.redamancy.common.model.dao.cloud.mapper.UnitMapper' mapperInterface. Bean already defined with the same name!
2022-06-13 13:54:12.788  WARN 5468 --- [restartedMain] o.m.s.mapper.ClassPathMapperScanner      : Skipping MapperFactoryBean with name 'pictureMapper' and 'icu.redamancy.common.model.dao.picture.mapper.PictureMapper' mapperInterface. Bean already defined with the same name!
2022-06-13 13:54:12.922  INFO 5468 --- [restartedMain] o.s.cloud.context.scope.GenericScope     : BeanFactory id=603a66e5-af4a-388c-91bc-54651833e533
2022-06-13 13:54:13.814  INFO 5468 --- [restartedMain] o.s.b.w.embedded.tomcat.TomcatWebServer  : Tomcat initialized with port(s): 9010 (http)
2022-06-13 13:54:13.829  INFO 5468 --- [restartedMain] o.apache.catalina.core.StandardService   : Starting service [Tomcat]
2022-06-13 13:54:13.830  INFO 5468 --- [restartedMain] org.apache.catalina.core.StandardEngine  : Starting Servlet engine: [Apache Tomcat/9.0.60]
2022-06-13 13:54:13.924  INFO 5468 --- [restartedMain] o.a.c.c.C.[Tomcat].[localhost].[/]       : Initializing Spring embedded WebApplicationContext
2022-06-13 13:54:13.925  INFO 5468 --- [restartedMain] w.s.c.ServletWebServerApplicationContext : Root WebApplicationContext: initialization completed in 2546 ms
2022-06-13 13:54:14.658  INFO 5468 --- [restartedMain] c.a.d.s.b.a.DruidDataSourceAutoConfigure : Init DruidDataSource
2022-06-13 13:54:14.883  INFO 5468 --- [restartedMain] com.alibaba.druid.pool.DruidDataSource   : {dataSource-1} inited
2022-06-13 13:54:15.248  WARN 5468 --- [restartedMain] o.s.s.o.p.t.s.JwtAccessTokenConverter    : Unable to create an RSA verifier from verifierKey (ignoreable if using MAC)
2022-06-13 13:54:15.401  INFO 5468 --- [restartedMain] o.s.b.d.a.OptionalLiveReloadServer       : LiveReload server is running on port 35729
2022-06-13 13:54:15.650  INFO 5468 --- [restartedMain] o.s.c.openfeign.FeignClientFactoryBean   : For 'redamancy-authentication-center' URL not provided. Will try picking an instance via load-balancing.
2022-06-13 13:54:17.790  INFO 5468 --- [restartedMain] o.s.s.web.DefaultSecurityFilterChain     : Will not secure Or [Ant [pattern='/oauth/token'], Ant [pattern='/oauth/token_key'], Ant [pattern='/oauth/check_token']]
2022-06-13 13:54:17.797  INFO 5468 --- [restartedMain] o.s.s.web.DefaultSecurityFilterChain     : Will not secure any request
2022-06-13 13:54:18.121  INFO 5468 --- [restartedMain] com.alibaba.nacos.client.naming          : initializer namespace from System Property :null
2022-06-13 13:54:18.122  INFO 5468 --- [restartedMain] com.alibaba.nacos.client.naming          : initializer namespace from System Environment :null
2022-06-13 13:54:18.122  INFO 5468 --- [restartedMain] com.alibaba.nacos.client.naming          : initializer namespace from System Property :null
2022-06-13 13:54:19.222  WARN 5468 --- [restartedMain] iguration$LoadBalancerCaffeineWarnLogger : Spring Cloud LoadBalancer is currently working with the default cache. While this cache implementation is useful for development and tests, it's recommended to use Caffeine cache in production.You can switch to using Caffeine cache, by adding it and org.springframework.cache.caffeine.CaffeineCacheManager to the classpath.
2022-06-13 13:54:19.230  INFO 5468 --- [restartedMain] o.s.b.a.e.web.EndpointLinksResolver      : Exposing 1 endpoint(s) beneath base path '/actuator'
2022-06-13 13:54:19.549  INFO 5468 --- [restartedMain] o.s.b.w.embedded.tomcat.TomcatWebServer  : Tomcat started on port(s): 9010 (http) with context path ''
2022-06-13 13:54:19.558  INFO 5468 --- [restartedMain] com.alibaba.nacos.client.naming          : [BEAT] adding beat: BeatInfo{port=9010, ip='192.168.31.159', weight=1.0, serviceName='DEFAULT_GROUP@@redamancy-authentication-center', cluster='DEFAULT', metadata={preserved.register.source=SPRING_CLOUD}, scheduled=false, period=5000, stopped=false} to beat map.
2022-06-13 13:54:19.559  INFO 5468 --- [restartedMain] com.alibaba.nacos.client.naming          : [REGISTER-SERVICE] public registering service DEFAULT_GROUP@@redamancy-authentication-center with instance: Instance{instanceId='null', ip='192.168.31.159', port=9010, weight=1.0, healthy=true, enabled=true, ephemeral=true, clusterName='DEFAULT', serviceName='null', metadata={preserved.register.source=SPRING_CLOUD}}
2022-06-13 13:54:19.572  INFO 5468 --- [restartedMain] c.a.c.n.registry.NacosServiceRegistry    : nacos registry, DEFAULT_GROUP redamancy-authentication-center 192.168.31.159:9010 register finished
2022-06-13 13:54:19.607  INFO 5468 --- [restartedMain] RedamancyAuthenticationCenterApplication : Started RedamancyAuthenticationCenterApplication in 9.661 seconds (JVM running for 10.628)
2022-06-13 13:54:19.633  INFO 5468 --- [restartedMain] c.a.n.client.config.impl.ClientWorker    : [fixed-47.97.61.96_8848-d7299b01-55f2-4ef6-9cbd-1015585dd840] [subscribe] wx-api.yml+AUTH_GROUP+d7299b01-55f2-4ef6-9cbd-1015585dd840
2022-06-13 13:54:19.634 ERROR 5468 --- [scheduling-1] o.s.s.s.TaskUtils$LoggingErrorHandler    : Unexpected error occurred in scheduled task

java.lang.NullPointerException: null
	at java.util.Objects.requireNonNull(Objects.java:203) ~[na:1.8.0_292]
	at icu.redamancy.common.utils.handlerequest.HandlerParameter.getRequest(HandlerParameter.java:58) ~[classes/:na]
	at icu.redamancy.common.config.openfeign.OAuth2FeignRequestInterceptor.apply(OAuth2FeignRequestInterceptor.java:21) ~[classes/:na]
	at feign.SynchronousMethodHandler.targetRequest(SynchronousMethodHandler.java:161) ~[feign-core-11.8.jar:na]
	at feign.SynchronousMethodHandler.executeAndDecode(SynchronousMethodHandler.java:110) ~[feign-core-11.8.jar:na]
	at feign.SynchronousMethodHandler.invoke(SynchronousMethodHandler.java:89) ~[feign-core-11.8.jar:na]
	at feign.ReflectiveFeign$FeignInvocationHandler.invoke(ReflectiveFeign.java:100) ~[feign-core-11.8.jar:na]
	at com.sun.proxy.$Proxy138.getAccessToken(Unknown Source) ~[na:na]
	at icu.redamancy.redamancyauthenticationcenter.service.timingTask.WDTWxAccessToken.getAccessToken(WDTWxAccessToken.java:37) ~[classes/:na]
	at sun.reflect.NativeMethodAccessorImpl.invoke0(Native Method) ~[na:1.8.0_292]
	at sun.reflect.NativeMethodAccessorImpl.invoke(NativeMethodAccessorImpl.java:62) ~[na:1.8.0_292]
	at sun.reflect.DelegatingMethodAccessorImpl.invoke(DelegatingMethodAccessorImpl.java:43) ~[na:1.8.0_292]
	at java.lang.reflect.Method.invoke(Method.java:498) ~[na:1.8.0_292]
	at org.springframework.scheduling.support.ScheduledMethodRunnable.run(ScheduledMethodRunnable.java:84) ~[spring-context-5.3.17.jar:5.3.17]
	at org.springframework.scheduling.support.DelegatingErrorHandlingRunnable.run(DelegatingErrorHandlingRunnable.java:54) ~[spring-context-5.3.17.jar:5.3.17]
	at java.util.concurrent.Executors$RunnableAdapter.call(Executors.java:511) [na:1.8.0_292]
	at java.util.concurrent.FutureTask.runAndReset(FutureTask.java:308) [na:1.8.0_292]
	at java.util.concurrent.ScheduledThreadPoolExecutor$ScheduledFutureTask.access$301(ScheduledThreadPoolExecutor.java:180) [na:1.8.0_292]
	at java.util.concurrent.ScheduledThreadPoolExecutor$ScheduledFutureTask.run(ScheduledThreadPoolExecutor.java:294) [na:1.8.0_292]
	at java.util.concurrent.ThreadPoolExecutor.runWorker(ThreadPoolExecutor.java:1149) [na:1.8.0_292]
	at java.util.concurrent.ThreadPoolExecutor$Worker.run(ThreadPoolExecutor.java:624) [na:1.8.0_292]
	at java.lang.Thread.run(Thread.java:748) [na:1.8.0_292]

2022-06-13 13:54:19.634  INFO 5468 --- [restartedMain] c.a.nacos.client.config.impl.CacheData   : [fixed-47.97.61.96_8848-d7299b01-55f2-4ef6-9cbd-1015585dd840] [add-listener] ok, tenant=d7299b01-55f2-4ef6-9cbd-1015585dd840, dataId=wx-api.yml, group=AUTH_GROUP, cnt=1
2022-06-13 13:54:19.635  INFO 5468 --- [restartedMain] c.a.n.client.config.impl.ClientWorker    : [fixed-47.97.61.96_8848-d7299b01-55f2-4ef6-9cbd-1015585dd840] [subscribe] redamancy-authentication-center+DEFAULT_GROUP+d7299b01-55f2-4ef6-9cbd-1015585dd840
2022-06-13 13:54:19.635  INFO 5468 --- [restartedMain] c.a.nacos.client.config.impl.CacheData   : [fixed-47.97.61.96_8848-d7299b01-55f2-4ef6-9cbd-1015585dd840] [add-listener] ok, tenant=d7299b01-55f2-4ef6-9cbd-1015585dd840, dataId=redamancy-authentication-center, group=DEFAULT_GROUP, cnt=1
2022-06-13 13:54:19.635  INFO 5468 --- [restartedMain] c.a.n.client.config.impl.ClientWorker    : [fixed-47.97.61.96_8848-d7299b01-55f2-4ef6-9cbd-1015585dd840] [subscribe] common.yml+DEV_GROUP+d7299b01-55f2-4ef6-9cbd-1015585dd840
2022-06-13 13:54:19.635  INFO 5468 --- [restartedMain] c.a.nacos.client.config.impl.CacheData   : [fixed-47.97.61.96_8848-d7299b01-55f2-4ef6-9cbd-1015585dd840] [add-listener] ok, tenant=d7299b01-55f2-4ef6-9cbd-1015585dd840, dataId=common.yml, group=DEV_GROUP, cnt=1
2022-06-13 13:54:19.635  INFO 5468 --- [restartedMain] c.a.n.client.config.impl.ClientWorker    : [fixed-47.97.61.96_8848-d7299b01-55f2-4ef6-9cbd-1015585dd840] [subscribe] redamancy-authentication-center.properties+DEFAULT_GROUP+d7299b01-55f2-4ef6-9cbd-1015585dd840
2022-06-13 13:54:19.635  INFO 5468 --- [restartedMain] c.a.nacos.client.config.impl.CacheData   : [fixed-47.97.61.96_8848-d7299b01-55f2-4ef6-9cbd-1015585dd840] [add-listener] ok, tenant=d7299b01-55f2-4ef6-9cbd-1015585dd840, dataId=redamancy-authentication-center.properties, group=DEFAULT_GROUP, cnt=1
2022-06-13 13:54:20.212  INFO 5468 --- [RMI TCP Connection(3)-192.168.31.159] o.a.c.c.C.[Tomcat].[localhost].[/]       : Initializing Spring DispatcherServlet 'dispatcherServlet'
2022-06-13 13:54:20.218  INFO 5468 --- [RMI TCP Connection(3)-192.168.31.159] o.s.web.servlet.DispatcherServlet        : Initializing Servlet 'dispatcherServlet'
2022-06-13 13:54:20.226  INFO 5468 --- [RMI TCP Connection(3)-192.168.31.159] o.s.web.servlet.DispatcherServlet        : Completed initialization in 7 ms
2022-06-13 13:54:20.241  INFO 5468 --- [RMI TCP Connection(5)-192.168.31.159] o.s.a.r.c.CachingConnectionFactory       : Attempting to connect to: [redamancy.icu:5672]
2022-06-13 13:54:20.546  INFO 5468 --- [com.alibaba.nacos.client.naming.updater] com.alibaba.nacos.client.naming          : new ips(1) service: DEFAULT_GROUP@@redamancy-authentication-center@@DEFAULT -> [{"instanceId":"192.168.31.159#9010#DEFAULT#DEFAULT_GROUP@@redamancy-authentication-center","ip":"192.168.31.159","port":9010,"weight":1.0,"healthy":true,"enabled":true,"ephemeral":true,"clusterName":"DEFAULT","serviceName":"DEFAULT_GROUP@@redamancy-authentication-center","metadata":{"preserved.register.source":"SPRING_CLOUD"},"instanceHeartBeatInterval":5000,"instanceHeartBeatTimeOut":15000,"ipDeleteTimeout":30000}]
2022-06-13 13:54:20.556  INFO 5468 --- [com.alibaba.nacos.client.naming.updater] com.alibaba.nacos.client.naming          : current ips:(1) service: DEFAULT_GROUP@@redamancy-authentication-center@@DEFAULT -> [{"instanceId":"192.168.31.159#9010#DEFAULT#DEFAULT_GROUP@@redamancy-authentication-center","ip":"192.168.31.159","port":9010,"weight":1.0,"healthy":true,"enabled":true,"ephemeral":true,"clusterName":"DEFAULT","serviceName":"DEFAULT_GROUP@@redamancy-authentication-center","metadata":{"preserved.register.source":"SPRING_CLOUD"},"instanceHeartBeatInterval":5000,"instanceHeartBeatTimeOut":15000,"ipDeleteTimeout":30000}]
2022-06-13 13:54:20.604  INFO 5468 --- [RMI TCP Connection(5)-192.168.31.159] o.s.a.r.c.CachingConnectionFactory       : Created new connection: rabbitConnectionFactory#393a3566:0/SimpleConnection@2c45c9d0 [delegate=amqp://redamancy@47.97.61.96:5672/cloud, localPort= 54260]
2022-06-13 14:07:01.071 ERROR 5468 --- [com.alibaba.nacos.naming.beat.sender] com.alibaba.nacos.client.naming          : [NA] failed to request

java.io.IOException: Server returned HTTP response code: 502 for URL: http://47.97.61.96:8848/nacos/v1/ns/instance/beat?app=unknown&serviceName=DEFAULT_GROUP%40%40redamancy-authentication-center&namespaceId=public&port=9010&clusterName=DEFAULT&ip=192.168.31.159
	at sun.reflect.NativeConstructorAccessorImpl.newInstance0(Native Method) ~[na:1.8.0_292]
	at sun.reflect.NativeConstructorAccessorImpl.newInstance(NativeConstructorAccessorImpl.java:62) ~[na:1.8.0_292]
	at sun.reflect.DelegatingConstructorAccessorImpl.newInstance(DelegatingConstructorAccessorImpl.java:45) ~[na:1.8.0_292]
	at java.lang.reflect.Constructor.newInstance(Constructor.java:423) ~[na:1.8.0_292]
	at sun.net.www.protocol.http.HttpURLConnection$10.run(HttpURLConnection.java:1950) ~[na:1.8.0_292]
	at sun.net.www.protocol.http.HttpURLConnection$10.run(HttpURLConnection.java:1945) ~[na:1.8.0_292]
	at java.security.AccessController.doPrivileged(Native Method) ~[na:1.8.0_292]
	at sun.net.www.protocol.http.HttpURLConnection.getChainedException(HttpURLConnection.java:1944) ~[na:1.8.0_292]
	at sun.net.www.protocol.http.HttpURLConnection.getInputStream0(HttpURLConnection.java:1514) ~[na:1.8.0_292]
	at sun.net.www.protocol.http.HttpURLConnection.getInputStream(HttpURLConnection.java:1498) ~[na:1.8.0_292]
	at com.alibaba.nacos.common.http.client.response.JdkHttpClientResponse.getBody(JdkHttpClientResponse.java:60) ~[nacos-common-1.4.1.jar:na]
	at com.alibaba.nacos.common.http.client.handler.AbstractResponseHandler.handleError(AbstractResponseHandler.java:51) ~[nacos-common-1.4.1.jar:na]
	at com.alibaba.nacos.common.http.client.handler.AbstractResponseHandler.handle(AbstractResponseHandler.java:44) ~[nacos-common-1.4.1.jar:na]
	at com.alibaba.nacos.common.http.client.NacosRestTemplate.execute(NacosRestTemplate.java:483) ~[nacos-common-1.4.1.jar:na]
	at com.alibaba.nacos.common.http.client.NacosRestTemplate.exchangeForm(NacosRestTemplate.java:427) ~[nacos-common-1.4.1.jar:na]
	at com.alibaba.nacos.client.naming.net.NamingProxy.callServer(NamingProxy.java:603) [nacos-client-1.4.1.jar:na]
	at com.alibaba.nacos.client.naming.net.NamingProxy.reqApi(NamingProxy.java:526) [nacos-client-1.4.1.jar:na]
	at com.alibaba.nacos.client.naming.net.NamingProxy.reqApi(NamingProxy.java:498) [nacos-client-1.4.1.jar:na]
	at com.alibaba.nacos.client.naming.net.NamingProxy.sendBeat(NamingProxy.java:433) [nacos-client-1.4.1.jar:na]
	at com.alibaba.nacos.client.naming.beat.BeatReactor$BeatTask.run(BeatReactor.java:167) [nacos-client-1.4.1.jar:na]
	at java.util.concurrent.Executors$RunnableAdapter.call(Executors.java:511) [na:1.8.0_292]
	at java.util.concurrent.FutureTask.run(FutureTask.java:266) [na:1.8.0_292]
	at java.util.concurrent.ScheduledThreadPoolExecutor$ScheduledFutureTask.access$201(ScheduledThreadPoolExecutor.java:180) [na:1.8.0_292]
	at java.util.concurrent.ScheduledThreadPoolExecutor$ScheduledFutureTask.run(ScheduledThreadPoolExecutor.java:293) [na:1.8.0_292]
	at java.util.concurrent.ThreadPoolExecutor.runWorker(ThreadPoolExecutor.java:1149) [na:1.8.0_292]
	at java.util.concurrent.ThreadPoolExecutor$Worker.run(ThreadPoolExecutor.java:624) [na:1.8.0_292]
	at java.lang.Thread.run(Thread.java:748) [na:1.8.0_292]
Caused by: java.io.IOException: Server returned HTTP response code: 502 for URL: http://47.97.61.96:8848/nacos/v1/ns/instance/beat?app=unknown&serviceName=DEFAULT_GROUP%40%40redamancy-authentication-center&namespaceId=public&port=9010&clusterName=DEFAULT&ip=192.168.31.159
	at sun.net.www.protocol.http.HttpURLConnection.getInputStream0(HttpURLConnection.java:1900) ~[na:1.8.0_292]
	at sun.net.www.protocol.http.HttpURLConnection.getInputStream(HttpURLConnection.java:1498) ~[na:1.8.0_292]
	at java.net.HttpURLConnection.getResponseCode(HttpURLConnection.java:480) ~[na:1.8.0_292]
	at com.alibaba.nacos.common.http.client.response.JdkHttpClientResponse.getStatusCode(JdkHttpClientResponse.java:75) ~[nacos-common-1.4.1.jar:na]
	at com.alibaba.nacos.common.http.client.handler.AbstractResponseHandler.handle(AbstractResponseHandler.java:43) ~[nacos-common-1.4.1.jar:na]
	... 14 common frames omitted

2022-06-13 14:07:01.078 ERROR 5468 --- [com.alibaba.nacos.naming.beat.sender] com.alibaba.nacos.client.naming          : [NA] failed to request

java.io.IOException: Server returned HTTP response code: 502 for URL: http://47.97.61.96:8848/nacos/v1/ns/instance/beat?app=unknown&serviceName=DEFAULT_GROUP%40%40redamancy-authentication-center&namespaceId=public&port=9010&clusterName=DEFAULT&ip=192.168.31.159
	at sun.reflect.NativeConstructorAccessorImpl.newInstance0(Native Method) ~[na:1.8.0_292]
	at sun.reflect.NativeConstructorAccessorImpl.newInstance(NativeConstructorAccessorImpl.java:62) ~[na:1.8.0_292]
	at sun.reflect.DelegatingConstructorAccessorImpl.newInstance(DelegatingConstructorAccessorImpl.java:45) ~[na:1.8.0_292]
	at java.lang.reflect.Constructor.newInstance(Constructor.java:423) ~[na:1.8.0_292]
	at sun.net.www.protocol.http.HttpURLConnection$10.run(HttpURLConnection.java:1950) ~[na:1.8.0_292]
	at sun.net.www.protocol.http.HttpURLConnection$10.run(HttpURLConnection.java:1945) ~[na:1.8.0_292]
	at java.security.AccessController.doPrivileged(Native Method) ~[na:1.8.0_292]
	at sun.net.www.protocol.http.HttpURLConnection.getChainedException(HttpURLConnection.java:1944) ~[na:1.8.0_292]
	at sun.net.www.protocol.http.HttpURLConnection.getInputStream0(HttpURLConnection.java:1514) ~[na:1.8.0_292]
	at sun.net.www.protocol.http.HttpURLConnection.getInputStream(HttpURLConnection.java:1498) ~[na:1.8.0_292]
	at com.alibaba.nacos.common.http.client.response.JdkHttpClientResponse.getBody(JdkHttpClientResponse.java:60) ~[nacos-common-1.4.1.jar:na]
	at com.alibaba.nacos.common.http.client.handler.AbstractResponseHandler.handleError(AbstractResponseHandler.java:51) ~[nacos-common-1.4.1.jar:na]
	at com.alibaba.nacos.common.http.client.handler.AbstractResponseHandler.handle(AbstractResponseHandler.java:44) ~[nacos-common-1.4.1.jar:na]
	at com.alibaba.nacos.common.http.client.NacosRestTemplate.execute(NacosRestTemplate.java:483) ~[nacos-common-1.4.1.jar:na]
	at com.alibaba.nacos.common.http.client.NacosRestTemplate.exchangeForm(NacosRestTemplate.java:427) ~[nacos-common-1.4.1.jar:na]
	at com.alibaba.nacos.client.naming.net.NamingProxy.callServer(NamingProxy.java:603) [nacos-client-1.4.1.jar:na]
	at com.alibaba.nacos.client.naming.net.NamingProxy.reqApi(NamingProxy.java:526) [nacos-client-1.4.1.jar:na]
	at com.alibaba.nacos.client.naming.net.NamingProxy.reqApi(NamingProxy.java:498) [nacos-client-1.4.1.jar:na]
	at com.alibaba.nacos.client.naming.net.NamingProxy.sendBeat(NamingProxy.java:433) [nacos-client-1.4.1.jar:na]
	at com.alibaba.nacos.client.naming.beat.BeatReactor$BeatTask.run(BeatReactor.java:167) [nacos-client-1.4.1.jar:na]
	at java.util.concurrent.Executors$RunnableAdapter.call(Executors.java:511) [na:1.8.0_292]
	at java.util.concurrent.FutureTask.run(FutureTask.java:266) [na:1.8.0_292]
	at java.util.concurrent.ScheduledThreadPoolExecutor$ScheduledFutureTask.access$201(ScheduledThreadPoolExecutor.java:180) [na:1.8.0_292]
	at java.util.concurrent.ScheduledThreadPoolExecutor$ScheduledFutureTask.run(ScheduledThreadPoolExecutor.java:293) [na:1.8.0_292]
	at java.util.concurrent.ThreadPoolExecutor.runWorker(ThreadPoolExecutor.java:1149) [na:1.8.0_292]
	at java.util.concurrent.ThreadPoolExecutor$Worker.run(ThreadPoolExecutor.java:624) [na:1.8.0_292]
	at java.lang.Thread.run(Thread.java:748) [na:1.8.0_292]
Caused by: java.io.IOException: Server returned HTTP response code: 502 for URL: http://47.97.61.96:8848/nacos/v1/ns/instance/beat?app=unknown&serviceName=DEFAULT_GROUP%40%40redamancy-authentication-center&namespaceId=public&port=9010&clusterName=DEFAULT&ip=192.168.31.159
	at sun.net.www.protocol.http.HttpURLConnection.getInputStream0(HttpURLConnection.java:1900) ~[na:1.8.0_292]
	at sun.net.www.protocol.http.HttpURLConnection.getInputStream(HttpURLConnection.java:1498) ~[na:1.8.0_292]
	at java.net.HttpURLConnection.getResponseCode(HttpURLConnection.java:480) ~[na:1.8.0_292]
	at com.alibaba.nacos.common.http.client.response.JdkHttpClientResponse.getStatusCode(JdkHttpClientResponse.java:75) ~[nacos-common-1.4.1.jar:na]
	at com.alibaba.nacos.common.http.client.handler.AbstractResponseHandler.handle(AbstractResponseHandler.java:43) ~[nacos-common-1.4.1.jar:na]
	... 14 common frames omitted

2022-06-13 14:07:01.081 ERROR 5468 --- [com.alibaba.nacos.naming.beat.sender] com.alibaba.nacos.client.naming          : [NA] failed to request

java.io.IOException: Server returned HTTP response code: 502 for URL: http://47.97.61.96:8848/nacos/v1/ns/instance/beat?app=unknown&serviceName=DEFAULT_GROUP%40%40redamancy-authentication-center&namespaceId=public&port=9010&clusterName=DEFAULT&ip=192.168.31.159
	at sun.reflect.NativeConstructorAccessorImpl.newInstance0(Native Method) ~[na:1.8.0_292]
	at sun.reflect.NativeConstructorAccessorImpl.newInstance(NativeConstructorAccessorImpl.java:62) ~[na:1.8.0_292]
	at sun.reflect.DelegatingConstructorAccessorImpl.newInstance(DelegatingConstructorAccessorImpl.java:45) ~[na:1.8.0_292]
	at java.lang.reflect.Constructor.newInstance(Constructor.java:423) ~[na:1.8.0_292]
	at sun.net.www.protocol.http.HttpURLConnection$10.run(HttpURLConnection.java:1950) ~[na:1.8.0_292]
	at sun.net.www.protocol.http.HttpURLConnection$10.run(HttpURLConnection.java:1945) ~[na:1.8.0_292]
	at java.security.AccessController.doPrivileged(Native Method) ~[na:1.8.0_292]
	at sun.net.www.protocol.http.HttpURLConnection.getChainedException(HttpURLConnection.java:1944) ~[na:1.8.0_292]
	at sun.net.www.protocol.http.HttpURLConnection.getInputStream0(HttpURLConnection.java:1514) ~[na:1.8.0_292]
	at sun.net.www.protocol.http.HttpURLConnection.getInputStream(HttpURLConnection.java:1498) ~[na:1.8.0_292]
	at com.alibaba.nacos.common.http.client.response.JdkHttpClientResponse.getBody(JdkHttpClientResponse.java:60) ~[nacos-common-1.4.1.jar:na]
	at com.alibaba.nacos.common.http.client.handler.AbstractResponseHandler.handleError(AbstractResponseHandler.java:51) ~[nacos-common-1.4.1.jar:na]
	at com.alibaba.nacos.common.http.client.handler.AbstractResponseHandler.handle(AbstractResponseHandler.java:44) ~[nacos-common-1.4.1.jar:na]
	at com.alibaba.nacos.common.http.client.NacosRestTemplate.execute(NacosRestTemplate.java:483) ~[nacos-common-1.4.1.jar:na]
	at com.alibaba.nacos.common.http.client.NacosRestTemplate.exchangeForm(NacosRestTemplate.java:427) ~[nacos-common-1.4.1.jar:na]
	at com.alibaba.nacos.client.naming.net.NamingProxy.callServer(NamingProxy.java:603) [nacos-client-1.4.1.jar:na]
	at com.alibaba.nacos.client.naming.net.NamingProxy.reqApi(NamingProxy.java:526) [nacos-client-1.4.1.jar:na]
	at com.alibaba.nacos.client.naming.net.NamingProxy.reqApi(NamingProxy.java:498) [nacos-client-1.4.1.jar:na]
	at com.alibaba.nacos.client.naming.net.NamingProxy.sendBeat(NamingProxy.java:433) [nacos-client-1.4.1.jar:na]
	at com.alibaba.nacos.client.naming.beat.BeatReactor$BeatTask.run(BeatReactor.java:167) [nacos-client-1.4.1.jar:na]
	at java.util.concurrent.Executors$RunnableAdapter.call(Executors.java:511) [na:1.8.0_292]
	at java.util.concurrent.FutureTask.run(FutureTask.java:266) [na:1.8.0_292]
	at java.util.concurrent.ScheduledThreadPoolExecutor$ScheduledFutureTask.access$201(ScheduledThreadPoolExecutor.java:180) [na:1.8.0_292]
	at java.util.concurrent.ScheduledThreadPoolExecutor$ScheduledFutureTask.run(ScheduledThreadPoolExecutor.java:293) [na:1.8.0_292]
	at java.util.concurrent.ThreadPoolExecutor.runWorker(ThreadPoolExecutor.java:1149) [na:1.8.0_292]
	at java.util.concurrent.ThreadPoolExecutor$Worker.run(ThreadPoolExecutor.java:624) [na:1.8.0_292]
	at java.lang.Thread.run(Thread.java:748) [na:1.8.0_292]
Caused by: java.io.IOException: Server returned HTTP response code: 502 for URL: http://47.97.61.96:8848/nacos/v1/ns/instance/beat?app=unknown&serviceName=DEFAULT_GROUP%40%40redamancy-authentication-center&namespaceId=public&port=9010&clusterName=DEFAULT&ip=192.168.31.159
	at sun.net.www.protocol.http.HttpURLConnection.getInputStream0(HttpURLConnection.java:1900) ~[na:1.8.0_292]
	at sun.net.www.protocol.http.HttpURLConnection.getInputStream(HttpURLConnection.java:1498) ~[na:1.8.0_292]
	at java.net.HttpURLConnection.getResponseCode(HttpURLConnection.java:480) ~[na:1.8.0_292]
	at com.alibaba.nacos.common.http.client.response.JdkHttpClientResponse.getStatusCode(JdkHttpClientResponse.java:75) ~[nacos-common-1.4.1.jar:na]
	at com.alibaba.nacos.common.http.client.handler.AbstractResponseHandler.handle(AbstractResponseHandler.java:43) ~[nacos-common-1.4.1.jar:na]
	... 14 common frames omitted

2022-06-13 14:07:01.083 ERROR 5468 --- [com.alibaba.nacos.naming.beat.sender] com.alibaba.nacos.client.naming          : request: /nacos/v1/ns/instance/beat failed, servers: [47.97.61.96:8848], code: 500, msg: Server returned HTTP response code: 502 for URL: http://47.97.61.96:8848/nacos/v1/ns/instance/beat?app=unknown&serviceName=DEFAULT_GROUP%40%40redamancy-authentication-center&namespaceId=public&port=9010&clusterName=DEFAULT&ip=192.168.31.159
2022-06-13 14:07:01.083 ERROR 5468 --- [com.alibaba.nacos.naming.beat.sender] com.alibaba.nacos.client.naming          : [CLIENT-BEAT] failed to send beat: {"port":9010,"ip":"192.168.31.159","weight":1.0,"serviceName":"DEFAULT_GROUP@@redamancy-authentication-center","cluster":"DEFAULT","metadata":{"preserved.register.source":"SPRING_CLOUD"},"scheduled":false,"period":5000,"stopped":false}, code: 500, msg: failed to req API:/nacos/v1/ns/instance/beat after all servers([47.97.61.96:8848]) tried: java.io.IOException: Server returned HTTP response code: 502 for URL: http://47.97.61.96:8848/nacos/v1/ns/instance/beat?app=unknown&serviceName=DEFAULT_GROUP%40%40redamancy-authentication-center&namespaceId=public&port=9010&clusterName=DEFAULT&ip=192.168.31.159
2022-06-13 14:07:04.185 ERROR 5468 --- [com.alibaba.nacos.client.naming.updater] com.alibaba.nacos.client.naming          : [NA] failed to request

java.io.IOException: Server returned HTTP response code: 502 for URL: http://47.97.61.96:8848/nacos/v1/ns/instance/list?app=unknown&healthyOnly=false&namespaceId=public&clientIP=192.168.31.159&serviceName=DEFAULT_GROUP%40%40redamancy-authentication-center&udpPort=63898&clusters=DEFAULT
	at sun.reflect.NativeConstructorAccessorImpl.newInstance0(Native Method) ~[na:1.8.0_292]
	at sun.reflect.NativeConstructorAccessorImpl.newInstance(NativeConstructorAccessorImpl.java:62) ~[na:1.8.0_292]
	at sun.reflect.DelegatingConstructorAccessorImpl.newInstance(DelegatingConstructorAccessorImpl.java:45) ~[na:1.8.0_292]
	at java.lang.reflect.Constructor.newInstance(Constructor.java:423) ~[na:1.8.0_292]
	at sun.net.www.protocol.http.HttpURLConnection$10.run(HttpURLConnection.java:1950) ~[na:1.8.0_292]
	at sun.net.www.protocol.http.HttpURLConnection$10.run(HttpURLConnection.java:1945) ~[na:1.8.0_292]
	at java.security.AccessController.doPrivileged(Native Method) ~[na:1.8.0_292]
	at sun.net.www.protocol.http.HttpURLConnection.getChainedException(HttpURLConnection.java:1944) ~[na:1.8.0_292]
	at sun.net.www.protocol.http.HttpURLConnection.getInputStream0(HttpURLConnection.java:1514) ~[na:1.8.0_292]
	at sun.net.www.protocol.http.HttpURLConnection.getInputStream(HttpURLConnection.java:1498) ~[na:1.8.0_292]
	at com.alibaba.nacos.common.http.client.response.JdkHttpClientResponse.getBody(JdkHttpClientResponse.java:60) ~[nacos-common-1.4.1.jar:na]
	at com.alibaba.nacos.common.http.client.handler.AbstractResponseHandler.handleError(AbstractResponseHandler.java:51) ~[nacos-common-1.4.1.jar:na]
	at com.alibaba.nacos.common.http.client.handler.AbstractResponseHandler.handle(AbstractResponseHandler.java:44) ~[nacos-common-1.4.1.jar:na]
	at com.alibaba.nacos.common.http.client.NacosRestTemplate.execute(NacosRestTemplate.java:483) ~[nacos-common-1.4.1.jar:na]
	at com.alibaba.nacos.common.http.client.NacosRestTemplate.exchangeForm(NacosRestTemplate.java:427) ~[nacos-common-1.4.1.jar:na]
	at com.alibaba.nacos.client.naming.net.NamingProxy.callServer(NamingProxy.java:603) [nacos-client-1.4.1.jar:na]
	at com.alibaba.nacos.client.naming.net.NamingProxy.reqApi(NamingProxy.java:526) [nacos-client-1.4.1.jar:na]
	at com.alibaba.nacos.client.naming.net.NamingProxy.reqApi(NamingProxy.java:498) [nacos-client-1.4.1.jar:na]
	at com.alibaba.nacos.client.naming.net.NamingProxy.reqApi(NamingProxy.java:493) [nacos-client-1.4.1.jar:na]
	at com.alibaba.nacos.client.naming.net.NamingProxy.queryList(NamingProxy.java:407) [nacos-client-1.4.1.jar:na]
	at com.alibaba.nacos.client.naming.core.HostReactor.updateService(HostReactor.java:378) [nacos-client-1.4.1.jar:na]
	at com.alibaba.nacos.client.naming.core.HostReactor$UpdateTask.run(HostReactor.java:460) [nacos-client-1.4.1.jar:na]
	at java.util.concurrent.Executors$RunnableAdapter.call(Executors.java:511) [na:1.8.0_292]
	at java.util.concurrent.FutureTask.run(FutureTask.java:266) [na:1.8.0_292]
	at java.util.concurrent.ScheduledThreadPoolExecutor$ScheduledFutureTask.access$201(ScheduledThreadPoolExecutor.java:180) [na:1.8.0_292]
	at java.util.concurrent.ScheduledThreadPoolExecutor$ScheduledFutureTask.run(ScheduledThreadPoolExecutor.java:293) [na:1.8.0_292]
	at java.util.concurrent.ThreadPoolExecutor.runWorker(ThreadPoolExecutor.java:1149) [na:1.8.0_292]
	at java.util.concurrent.ThreadPoolExecutor$Worker.run(ThreadPoolExecutor.java:624) [na:1.8.0_292]
	at java.lang.Thread.run(Thread.java:748) [na:1.8.0_292]
Caused by: java.io.IOException: Server returned HTTP response code: 502 for URL: http://47.97.61.96:8848/nacos/v1/ns/instance/list?app=unknown&healthyOnly=false&namespaceId=public&clientIP=192.168.31.159&serviceName=DEFAULT_GROUP%40%40redamancy-authentication-center&udpPort=63898&clusters=DEFAULT
	at sun.net.www.protocol.http.HttpURLConnection.getInputStream0(HttpURLConnection.java:1900) ~[na:1.8.0_292]
	at sun.net.www.protocol.http.HttpURLConnection.getInputStream(HttpURLConnection.java:1498) ~[na:1.8.0_292]
	at java.net.HttpURLConnection.getResponseCode(HttpURLConnection.java:480) ~[na:1.8.0_292]
	at com.alibaba.nacos.common.http.client.response.JdkHttpClientResponse.getStatusCode(JdkHttpClientResponse.java:75) ~[nacos-common-1.4.1.jar:na]
	at com.alibaba.nacos.common.http.client.handler.AbstractResponseHandler.handle(AbstractResponseHandler.java:43) ~[nacos-common-1.4.1.jar:na]
	... 16 common frames omitted

2022-06-13 14:07:04.196 ERROR 5468 --- [com.alibaba.nacos.client.naming.updater] com.alibaba.nacos.client.naming          : [NA] failed to request

java.io.IOException: Server returned HTTP response code: 502 for URL: http://47.97.61.96:8848/nacos/v1/ns/instance/list?app=unknown&healthyOnly=false&namespaceId=public&clientIP=192.168.31.159&serviceName=DEFAULT_GROUP%40%40redamancy-authentication-center&udpPort=63898&clusters=DEFAULT
	at sun.reflect.GeneratedConstructorAccessor80.newInstance(Unknown Source) ~[na:na]
	at sun.reflect.DelegatingConstructorAccessorImpl.newInstance(DelegatingConstructorAccessorImpl.java:45) ~[na:1.8.0_292]
	at java.lang.reflect.Constructor.newInstance(Constructor.java:423) ~[na:1.8.0_292]
	at sun.net.www.protocol.http.HttpURLConnection$10.run(HttpURLConnection.java:1950) ~[na:1.8.0_292]
	at sun.net.www.protocol.http.HttpURLConnection$10.run(HttpURLConnection.java:1945) ~[na:1.8.0_292]
	at java.security.AccessController.doPrivileged(Native Method) ~[na:1.8.0_292]
	at sun.net.www.protocol.http.HttpURLConnection.getChainedException(HttpURLConnection.java:1944) ~[na:1.8.0_292]
	at sun.net.www.protocol.http.HttpURLConnection.getInputStream0(HttpURLConnection.java:1514) ~[na:1.8.0_292]
	at sun.net.www.protocol.http.HttpURLConnection.getInputStream(HttpURLConnection.java:1498) ~[na:1.8.0_292]
	at com.alibaba.nacos.common.http.client.response.JdkHttpClientResponse.getBody(JdkHttpClientResponse.java:60) ~[nacos-common-1.4.1.jar:na]
	at com.alibaba.nacos.common.http.client.handler.AbstractResponseHandler.handleError(AbstractResponseHandler.java:51) ~[nacos-common-1.4.1.jar:na]
	at com.alibaba.nacos.common.http.client.handler.AbstractResponseHandler.handle(AbstractResponseHandler.java:44) ~[nacos-common-1.4.1.jar:na]
	at com.alibaba.nacos.common.http.client.NacosRestTemplate.execute(NacosRestTemplate.java:483) ~[nacos-common-1.4.1.jar:na]
	at com.alibaba.nacos.common.http.client.NacosRestTemplate.exchangeForm(NacosRestTemplate.java:427) ~[nacos-common-1.4.1.jar:na]
	at com.alibaba.nacos.client.naming.net.NamingProxy.callServer(NamingProxy.java:603) [nacos-client-1.4.1.jar:na]
	at com.alibaba.nacos.client.naming.net.NamingProxy.reqApi(NamingProxy.java:526) [nacos-client-1.4.1.jar:na]
	at com.alibaba.nacos.client.naming.net.NamingProxy.reqApi(NamingProxy.java:498) [nacos-client-1.4.1.jar:na]
	at com.alibaba.nacos.client.naming.net.NamingProxy.reqApi(NamingProxy.java:493) [nacos-client-1.4.1.jar:na]
	at com.alibaba.nacos.client.naming.net.NamingProxy.queryList(NamingProxy.java:407) [nacos-client-1.4.1.jar:na]
	at com.alibaba.nacos.client.naming.core.HostReactor.updateService(HostReactor.java:378) [nacos-client-1.4.1.jar:na]
	at com.alibaba.nacos.client.naming.core.HostReactor$UpdateTask.run(HostReactor.java:460) [nacos-client-1.4.1.jar:na]
	at java.util.concurrent.Executors$RunnableAdapter.call(Executors.java:511) [na:1.8.0_292]
	at java.util.concurrent.FutureTask.run(FutureTask.java:266) [na:1.8.0_292]
	at java.util.concurrent.ScheduledThreadPoolExecutor$ScheduledFutureTask.access$201(ScheduledThreadPoolExecutor.java:180) [na:1.8.0_292]
	at java.util.concurrent.ScheduledThreadPoolExecutor$ScheduledFutureTask.run(ScheduledThreadPoolExecutor.java:293) [na:1.8.0_292]
	at java.util.concurrent.ThreadPoolExecutor.runWorker(ThreadPoolExecutor.java:1149) [na:1.8.0_292]
	at java.util.concurrent.ThreadPoolExecutor$Worker.run(ThreadPoolExecutor.java:624) [na:1.8.0_292]
	at java.lang.Thread.run(Thread.java:748) [na:1.8.0_292]
Caused by: java.io.IOException: Server returned HTTP response code: 502 for URL: http://47.97.61.96:8848/nacos/v1/ns/instance/list?app=unknown&healthyOnly=false&namespaceId=public&clientIP=192.168.31.159&serviceName=DEFAULT_GROUP%40%40redamancy-authentication-center&udpPort=63898&clusters=DEFAULT
	at sun.net.www.protocol.http.HttpURLConnection.getInputStream0(HttpURLConnection.java:1900) ~[na:1.8.0_292]
	at sun.net.www.protocol.http.HttpURLConnection.getInputStream(HttpURLConnection.java:1498) ~[na:1.8.0_292]
	at java.net.HttpURLConnection.getResponseCode(HttpURLConnection.java:480) ~[na:1.8.0_292]
	at com.alibaba.nacos.common.http.client.response.JdkHttpClientResponse.getStatusCode(JdkHttpClientResponse.java:75) ~[nacos-common-1.4.1.jar:na]
	at com.alibaba.nacos.common.http.client.handler.AbstractResponseHandler.handle(AbstractResponseHandler.java:43) ~[nacos-common-1.4.1.jar:na]
	... 16 common frames omitted

2022-06-13 14:07:04.201 ERROR 5468 --- [com.alibaba.nacos.client.naming.updater] com.alibaba.nacos.client.naming          : [NA] failed to request

java.io.IOException: Server returned HTTP response code: 502 for URL: http://47.97.61.96:8848/nacos/v1/ns/instance/list?app=unknown&healthyOnly=false&namespaceId=public&clientIP=192.168.31.159&serviceName=DEFAULT_GROUP%40%40redamancy-authentication-center&udpPort=63898&clusters=DEFAULT
	at sun.reflect.GeneratedConstructorAccessor80.newInstance(Unknown Source) ~[na:na]
	at sun.reflect.DelegatingConstructorAccessorImpl.newInstance(DelegatingConstructorAccessorImpl.java:45) ~[na:1.8.0_292]
	at java.lang.reflect.Constructor.newInstance(Constructor.java:423) ~[na:1.8.0_292]
	at sun.net.www.protocol.http.HttpURLConnection$10.run(HttpURLConnection.java:1950) ~[na:1.8.0_292]
	at sun.net.www.protocol.http.HttpURLConnection$10.run(HttpURLConnection.java:1945) ~[na:1.8.0_292]
	at java.security.AccessController.doPrivileged(Native Method) ~[na:1.8.0_292]
	at sun.net.www.protocol.http.HttpURLConnection.getChainedException(HttpURLConnection.java:1944) ~[na:1.8.0_292]
	at sun.net.www.protocol.http.HttpURLConnection.getInputStream0(HttpURLConnection.java:1514) ~[na:1.8.0_292]
	at sun.net.www.protocol.http.HttpURLConnection.getInputStream(HttpURLConnection.java:1498) ~[na:1.8.0_292]
	at com.alibaba.nacos.common.http.client.response.JdkHttpClientResponse.getBody(JdkHttpClientResponse.java:60) ~[nacos-common-1.4.1.jar:na]
	at com.alibaba.nacos.common.http.client.handler.AbstractResponseHandler.handleError(AbstractResponseHandler.java:51) ~[nacos-common-1.4.1.jar:na]
	at com.alibaba.nacos.common.http.client.handler.AbstractResponseHandler.handle(AbstractResponseHandler.java:44) ~[nacos-common-1.4.1.jar:na]
	at com.alibaba.nacos.common.http.client.NacosRestTemplate.execute(NacosRestTemplate.java:483) ~[nacos-common-1.4.1.jar:na]
	at com.alibaba.nacos.common.http.client.NacosRestTemplate.exchangeForm(NacosRestTemplate.java:427) ~[nacos-common-1.4.1.jar:na]
	at com.alibaba.nacos.client.naming.net.NamingProxy.callServer(NamingProxy.java:603) [nacos-client-1.4.1.jar:na]
	at com.alibaba.nacos.client.naming.net.NamingProxy.reqApi(NamingProxy.java:526) [nacos-client-1.4.1.jar:na]
	at com.alibaba.nacos.client.naming.net.NamingProxy.reqApi(NamingProxy.java:498) [nacos-client-1.4.1.jar:na]
	at com.alibaba.nacos.client.naming.net.NamingProxy.reqApi(NamingProxy.java:493) [nacos-client-1.4.1.jar:na]
	at com.alibaba.nacos.client.naming.net.NamingProxy.queryList(NamingProxy.java:407) [nacos-client-1.4.1.jar:na]
	at com.alibaba.nacos.client.naming.core.HostReactor.updateService(HostReactor.java:378) [nacos-client-1.4.1.jar:na]
	at com.alibaba.nacos.client.naming.core.HostReactor$UpdateTask.run(HostReactor.java:460) [nacos-client-1.4.1.jar:na]
	at java.util.concurrent.Executors$RunnableAdapter.call(Executors.java:511) [na:1.8.0_292]
	at java.util.concurrent.FutureTask.run(FutureTask.java:266) [na:1.8.0_292]
	at java.util.concurrent.ScheduledThreadPoolExecutor$ScheduledFutureTask.access$201(ScheduledThreadPoolExecutor.java:180) [na:1.8.0_292]
	at java.util.concurrent.ScheduledThreadPoolExecutor$ScheduledFutureTask.run(ScheduledThreadPoolExecutor.java:293) [na:1.8.0_292]
	at java.util.concurrent.ThreadPoolExecutor.runWorker(ThreadPoolExecutor.java:1149) [na:1.8.0_292]
	at java.util.concurrent.ThreadPoolExecutor$Worker.run(ThreadPoolExecutor.java:624) [na:1.8.0_292]
	at java.lang.Thread.run(Thread.java:748) [na:1.8.0_292]
Caused by: java.io.IOException: Server returned HTTP response code: 502 for URL: http://47.97.61.96:8848/nacos/v1/ns/instance/list?app=unknown&healthyOnly=false&namespaceId=public&clientIP=192.168.31.159&serviceName=DEFAULT_GROUP%40%40redamancy-authentication-center&udpPort=63898&clusters=DEFAULT
	at sun.net.www.protocol.http.HttpURLConnection.getInputStream0(HttpURLConnection.java:1900) ~[na:1.8.0_292]
	at sun.net.www.protocol.http.HttpURLConnection.getInputStream(HttpURLConnection.java:1498) ~[na:1.8.0_292]
	at java.net.HttpURLConnection.getResponseCode(HttpURLConnection.java:480) ~[na:1.8.0_292]
	at com.alibaba.nacos.common.http.client.response.JdkHttpClientResponse.getStatusCode(JdkHttpClientResponse.java:75) ~[nacos-common-1.4.1.jar:na]
	at com.alibaba.nacos.common.http.client.handler.AbstractResponseHandler.handle(AbstractResponseHandler.java:43) ~[nacos-common-1.4.1.jar:na]
	... 16 common frames omitted

2022-06-13 14:07:04.204 ERROR 5468 --- [com.alibaba.nacos.client.naming.updater] com.alibaba.nacos.client.naming          : request: /nacos/v1/ns/instance/list failed, servers: [47.97.61.96:8848], code: 500, msg: Server returned HTTP response code: 502 for URL: http://47.97.61.96:8848/nacos/v1/ns/instance/list?app=unknown&healthyOnly=false&namespaceId=public&clientIP=192.168.31.159&serviceName=DEFAULT_GROUP%40%40redamancy-authentication-center&udpPort=63898&clusters=DEFAULT
2022-06-13 14:07:04.205  WARN 5468 --- [com.alibaba.nacos.client.naming.updater] com.alibaba.nacos.client.naming          : [NA] failed to update serviceName: DEFAULT_GROUP@@redamancy-authentication-center

com.alibaba.nacos.api.exception.NacosException: failed to req API:/nacos/v1/ns/instance/list after all servers([47.97.61.96:8848]) tried: java.io.IOException: Server returned HTTP response code: 502 for URL: http://47.97.61.96:8848/nacos/v1/ns/instance/list?app=unknown&healthyOnly=false&namespaceId=public&clientIP=192.168.31.159&serviceName=DEFAULT_GROUP%40%40redamancy-authentication-center&udpPort=63898&clusters=DEFAULT
	at com.alibaba.nacos.client.naming.net.NamingProxy.reqApi(NamingProxy.java:556) ~[nacos-client-1.4.1.jar:na]
	at com.alibaba.nacos.client.naming.net.NamingProxy.reqApi(NamingProxy.java:498) ~[nacos-client-1.4.1.jar:na]
	at com.alibaba.nacos.client.naming.net.NamingProxy.reqApi(NamingProxy.java:493) ~[nacos-client-1.4.1.jar:na]
	at com.alibaba.nacos.client.naming.net.NamingProxy.queryList(NamingProxy.java:407) ~[nacos-client-1.4.1.jar:na]
	at com.alibaba.nacos.client.naming.core.HostReactor.updateService(HostReactor.java:378) ~[nacos-client-1.4.1.jar:na]
	at com.alibaba.nacos.client.naming.core.HostReactor$UpdateTask.run(HostReactor.java:460) ~[nacos-client-1.4.1.jar:na]
	at java.util.concurrent.Executors$RunnableAdapter.call(Executors.java:511) [na:1.8.0_292]
	at java.util.concurrent.FutureTask.run(FutureTask.java:266) [na:1.8.0_292]
	at java.util.concurrent.ScheduledThreadPoolExecutor$ScheduledFutureTask.access$201(ScheduledThreadPoolExecutor.java:180) [na:1.8.0_292]
	at java.util.concurrent.ScheduledThreadPoolExecutor$ScheduledFutureTask.run(ScheduledThreadPoolExecutor.java:293) [na:1.8.0_292]
	at java.util.concurrent.ThreadPoolExecutor.runWorker(ThreadPoolExecutor.java:1149) [na:1.8.0_292]
	at java.util.concurrent.ThreadPoolExecutor$Worker.run(ThreadPoolExecutor.java:624) [na:1.8.0_292]
	at java.lang.Thread.run(Thread.java:748) [na:1.8.0_292]

2022-06-13 14:07:06.102 ERROR 5468 --- [com.alibaba.nacos.naming.beat.sender] com.alibaba.nacos.client.naming          : [NA] failed to request

java.io.IOException: Server returned HTTP response code: 502 for URL: http://47.97.61.96:8848/nacos/v1/ns/instance/beat?app=unknown&serviceName=DEFAULT_GROUP%40%40redamancy-authentication-center&namespaceId=public&port=9010&clusterName=DEFAULT&ip=192.168.31.159
	at sun.reflect.GeneratedConstructorAccessor80.newInstance(Unknown Source) ~[na:na]
	at sun.reflect.DelegatingConstructorAccessorImpl.newInstance(DelegatingConstructorAccessorImpl.java:45) ~[na:1.8.0_292]
	at java.lang.reflect.Constructor.newInstance(Constructor.java:423) ~[na:1.8.0_292]
	at sun.net.www.protocol.http.HttpURLConnection$10.run(HttpURLConnection.java:1950) ~[na:1.8.0_292]
	at sun.net.www.protocol.http.HttpURLConnection$10.run(HttpURLConnection.java:1945) ~[na:1.8.0_292]
	at java.security.AccessController.doPrivileged(Native Method) ~[na:1.8.0_292]
	at sun.net.www.protocol.http.HttpURLConnection.getChainedException(HttpURLConnection.java:1944) ~[na:1.8.0_292]
	at sun.net.www.protocol.http.HttpURLConnection.getInputStream0(HttpURLConnection.java:1514) ~[na:1.8.0_292]
	at sun.net.www.protocol.http.HttpURLConnection.getInputStream(HttpURLConnection.java:1498) ~[na:1.8.0_292]
	at com.alibaba.nacos.common.http.client.response.JdkHttpClientResponse.getBody(JdkHttpClientResponse.java:60) ~[nacos-common-1.4.1.jar:na]
	at com.alibaba.nacos.common.http.client.handler.AbstractResponseHandler.handleError(AbstractResponseHandler.java:51) ~[nacos-common-1.4.1.jar:na]
	at com.alibaba.nacos.common.http.client.handler.AbstractResponseHandler.handle(AbstractResponseHandler.java:44) ~[nacos-common-1.4.1.jar:na]
	at com.alibaba.nacos.common.http.client.NacosRestTemplate.execute(NacosRestTemplate.java:483) ~[nacos-common-1.4.1.jar:na]
	at com.alibaba.nacos.common.http.client.NacosRestTemplate.exchangeForm(NacosRestTemplate.java:427) ~[nacos-common-1.4.1.jar:na]
	at com.alibaba.nacos.client.naming.net.NamingProxy.callServer(NamingProxy.java:603) [nacos-client-1.4.1.jar:na]
	at com.alibaba.nacos.client.naming.net.NamingProxy.reqApi(NamingProxy.java:526) [nacos-client-1.4.1.jar:na]
	at com.alibaba.nacos.client.naming.net.NamingProxy.reqApi(NamingProxy.java:498) [nacos-client-1.4.1.jar:na]
	at com.alibaba.nacos.client.naming.net.NamingProxy.sendBeat(NamingProxy.java:433) [nacos-client-1.4.1.jar:na]
	at com.alibaba.nacos.client.naming.beat.BeatReactor$BeatTask.run(BeatReactor.java:167) [nacos-client-1.4.1.jar:na]
	at java.util.concurrent.Executors$RunnableAdapter.call(Executors.java:511) [na:1.8.0_292]
	at java.util.concurrent.FutureTask.run(FutureTask.java:266) [na:1.8.0_292]
	at java.util.concurrent.ScheduledThreadPoolExecutor$ScheduledFutureTask.access$201(ScheduledThreadPoolExecutor.java:180) [na:1.8.0_292]
	at java.util.concurrent.ScheduledThreadPoolExecutor$ScheduledFutureTask.run(ScheduledThreadPoolExecutor.java:293) [na:1.8.0_292]
	at java.util.concurrent.ThreadPoolExecutor.runWorker(ThreadPoolExecutor.java:1149) [na:1.8.0_292]
	at java.util.concurrent.ThreadPoolExecutor$Worker.run(ThreadPoolExecutor.java:624) [na:1.8.0_292]
	at java.lang.Thread.run(Thread.java:748) [na:1.8.0_292]
Caused by: java.io.IOException: Server returned HTTP response code: 502 for URL: http://47.97.61.96:8848/nacos/v1/ns/instance/beat?app=unknown&serviceName=DEFAULT_GROUP%40%40redamancy-authentication-center&namespaceId=public&port=9010&clusterName=DEFAULT&ip=192.168.31.159
	at sun.net.www.protocol.http.HttpURLConnection.getInputStream0(HttpURLConnection.java:1900) ~[na:1.8.0_292]
	at sun.net.www.protocol.http.HttpURLConnection.getInputStream(HttpURLConnection.java:1498) ~[na:1.8.0_292]
	at java.net.HttpURLConnection.getResponseCode(HttpURLConnection.java:480) ~[na:1.8.0_292]
	at com.alibaba.nacos.common.http.client.response.JdkHttpClientResponse.getStatusCode(JdkHttpClientResponse.java:75) ~[nacos-common-1.4.1.jar:na]
	at com.alibaba.nacos.common.http.client.handler.AbstractResponseHandler.handle(AbstractResponseHandler.java:43) ~[nacos-common-1.4.1.jar:na]
	... 14 common frames omitted

2022-06-13 14:07:06.131 ERROR 5468 --- [com.alibaba.nacos.naming.beat.sender] com.alibaba.nacos.client.naming          : [NA] failed to request

java.io.IOException: Server returned HTTP response code: 502 for URL: http://47.97.61.96:8848/nacos/v1/ns/instance/beat?app=unknown&serviceName=DEFAULT_GROUP%40%40redamancy-authentication-center&namespaceId=public&port=9010&clusterName=DEFAULT&ip=192.168.31.159
	at sun.reflect.GeneratedConstructorAccessor80.newInstance(Unknown Source) ~[na:na]
	at sun.reflect.DelegatingConstructorAccessorImpl.newInstance(DelegatingConstructorAccessorImpl.java:45) ~[na:1.8.0_292]
	at java.lang.reflect.Constructor.newInstance(Constructor.java:423) ~[na:1.8.0_292]
	at sun.net.www.protocol.http.HttpURLConnection$10.run(HttpURLConnection.java:1950) ~[na:1.8.0_292]
	at sun.net.www.protocol.http.HttpURLConnection$10.run(HttpURLConnection.java:1945) ~[na:1.8.0_292]
	at java.security.AccessController.doPrivileged(Native Method) ~[na:1.8.0_292]
	at sun.net.www.protocol.http.HttpURLConnection.getChainedException(HttpURLConnection.java:1944) ~[na:1.8.0_292]
	at sun.net.www.protocol.http.HttpURLConnection.getInputStream0(HttpURLConnection.java:1514) ~[na:1.8.0_292]
	at sun.net.www.protocol.http.HttpURLConnection.getInputStream(HttpURLConnection.java:1498) ~[na:1.8.0_292]
	at com.alibaba.nacos.common.http.client.response.JdkHttpClientResponse.getBody(JdkHttpClientResponse.java:60) ~[nacos-common-1.4.1.jar:na]
	at com.alibaba.nacos.common.http.client.handler.AbstractResponseHandler.handleError(AbstractResponseHandler.java:51) ~[nacos-common-1.4.1.jar:na]
	at com.alibaba.nacos.common.http.client.handler.AbstractResponseHandler.handle(AbstractResponseHandler.java:44) ~[nacos-common-1.4.1.jar:na]
	at com.alibaba.nacos.common.http.client.NacosRestTemplate.execute(NacosRestTemplate.java:483) ~[nacos-common-1.4.1.jar:na]
	at com.alibaba.nacos.common.http.client.NacosRestTemplate.exchangeForm(NacosRestTemplate.java:427) ~[nacos-common-1.4.1.jar:na]
	at com.alibaba.nacos.client.naming.net.NamingProxy.callServer(NamingProxy.java:603) [nacos-client-1.4.1.jar:na]
	at com.alibaba.nacos.client.naming.net.NamingProxy.reqApi(NamingProxy.java:526) [nacos-client-1.4.1.jar:na]
	at com.alibaba.nacos.client.naming.net.NamingProxy.reqApi(NamingProxy.java:498) [nacos-client-1.4.1.jar:na]
	at com.alibaba.nacos.client.naming.net.NamingProxy.sendBeat(NamingProxy.java:433) [nacos-client-1.4.1.jar:na]
	at com.alibaba.nacos.client.naming.beat.BeatReactor$BeatTask.run(BeatReactor.java:167) [nacos-client-1.4.1.jar:na]
	at java.util.concurrent.Executors$RunnableAdapter.call(Executors.java:511) [na:1.8.0_292]
	at java.util.concurrent.FutureTask.run(FutureTask.java:266) [na:1.8.0_292]
	at java.util.concurrent.ScheduledThreadPoolExecutor$ScheduledFutureTask.access$201(ScheduledThreadPoolExecutor.java:180) [na:1.8.0_292]
	at java.util.concurrent.ScheduledThreadPoolExecutor$ScheduledFutureTask.run(ScheduledThreadPoolExecutor.java:293) [na:1.8.0_292]
	at java.util.concurrent.ThreadPoolExecutor.runWorker(ThreadPoolExecutor.java:1149) [na:1.8.0_292]
	at java.util.concurrent.ThreadPoolExecutor$Worker.run(ThreadPoolExecutor.java:624) [na:1.8.0_292]
	at java.lang.Thread.run(Thread.java:748) [na:1.8.0_292]
Caused by: java.io.IOException: Server returned HTTP response code: 502 for URL: http://47.97.61.96:8848/nacos/v1/ns/instance/beat?app=unknown&serviceName=DEFAULT_GROUP%40%40redamancy-authentication-center&namespaceId=public&port=9010&clusterName=DEFAULT&ip=192.168.31.159
	at sun.net.www.protocol.http.HttpURLConnection.getInputStream0(HttpURLConnection.java:1900) ~[na:1.8.0_292]
	at sun.net.www.protocol.http.HttpURLConnection.getInputStream(HttpURLConnection.java:1498) ~[na:1.8.0_292]
	at java.net.HttpURLConnection.getResponseCode(HttpURLConnection.java:480) ~[na:1.8.0_292]
	at com.alibaba.nacos.common.http.client.response.JdkHttpClientResponse.getStatusCode(JdkHttpClientResponse.java:75) ~[nacos-common-1.4.1.jar:na]
	at com.alibaba.nacos.common.http.client.handler.AbstractResponseHandler.handle(AbstractResponseHandler.java:43) ~[nacos-common-1.4.1.jar:na]
	... 14 common frames omitted

2022-06-13 14:07:06.136 ERROR 5468 --- [com.alibaba.nacos.naming.beat.sender] com.alibaba.nacos.client.naming          : [NA] failed to request

java.io.IOException: Server returned HTTP response code: 502 for URL: http://47.97.61.96:8848/nacos/v1/ns/instance/beat?app=unknown&serviceName=DEFAULT_GROUP%40%40redamancy-authentication-center&namespaceId=public&port=9010&clusterName=DEFAULT&ip=192.168.31.159
	at sun.reflect.GeneratedConstructorAccessor80.newInstance(Unknown Source) ~[na:na]
	at sun.reflect.DelegatingConstructorAccessorImpl.newInstance(DelegatingConstructorAccessorImpl.java:45) ~[na:1.8.0_292]
	at java.lang.reflect.Constructor.newInstance(Constructor.java:423) ~[na:1.8.0_292]
	at sun.net.www.protocol.http.HttpURLConnection$10.run(HttpURLConnection.java:1950) ~[na:1.8.0_292]
	at sun.net.www.protocol.http.HttpURLConnection$10.run(HttpURLConnection.java:1945) ~[na:1.8.0_292]
	at java.security.AccessController.doPrivileged(Native Method) ~[na:1.8.0_292]
	at sun.net.www.protocol.http.HttpURLConnection.getChainedException(HttpURLConnection.java:1944) ~[na:1.8.0_292]
	at sun.net.www.protocol.http.HttpURLConnection.getInputStream0(HttpURLConnection.java:1514) ~[na:1.8.0_292]
	at sun.net.www.protocol.http.HttpURLConnection.getInputStream(HttpURLConnection.java:1498) ~[na:1.8.0_292]
	at com.alibaba.nacos.common.http.client.response.JdkHttpClientResponse.getBody(JdkHttpClientResponse.java:60) ~[nacos-common-1.4.1.jar:na]
	at com.alibaba.nacos.common.http.client.handler.AbstractResponseHandler.handleError(AbstractResponseHandler.java:51) ~[nacos-common-1.4.1.jar:na]
	at com.alibaba.nacos.common.http.client.handler.AbstractResponseHandler.handle(AbstractResponseHandler.java:44) ~[nacos-common-1.4.1.jar:na]
	at com.alibaba.nacos.common.http.client.NacosRestTemplate.execute(NacosRestTemplate.java:483) ~[nacos-common-1.4.1.jar:na]
	at com.alibaba.nacos.common.http.client.NacosRestTemplate.exchangeForm(NacosRestTemplate.java:427) ~[nacos-common-1.4.1.jar:na]
	at com.alibaba.nacos.client.naming.net.NamingProxy.callServer(NamingProxy.java:603) [nacos-client-1.4.1.jar:na]
	at com.alibaba.nacos.client.naming.net.NamingProxy.reqApi(NamingProxy.java:526) [nacos-client-1.4.1.jar:na]
	at com.alibaba.nacos.client.naming.net.NamingProxy.reqApi(NamingProxy.java:498) [nacos-client-1.4.1.jar:na]
	at com.alibaba.nacos.client.naming.net.NamingProxy.sendBeat(NamingProxy.java:433) [nacos-client-1.4.1.jar:na]
	at com.alibaba.nacos.client.naming.beat.BeatReactor$BeatTask.run(BeatReactor.java:167) [nacos-client-1.4.1.jar:na]
	at java.util.concurrent.Executors$RunnableAdapter.call(Executors.java:511) [na:1.8.0_292]
	at java.util.concurrent.FutureTask.run(FutureTask.java:266) [na:1.8.0_292]
	at java.util.concurrent.ScheduledThreadPoolExecutor$ScheduledFutureTask.access$201(ScheduledThreadPoolExecutor.java:180) [na:1.8.0_292]
	at java.util.concurrent.ScheduledThreadPoolExecutor$ScheduledFutureTask.run(ScheduledThreadPoolExecutor.java:293) [na:1.8.0_292]
	at java.util.concurrent.ThreadPoolExecutor.runWorker(ThreadPoolExecutor.java:1149) [na:1.8.0_292]
	at java.util.concurrent.ThreadPoolExecutor$Worker.run(ThreadPoolExecutor.java:624) [na:1.8.0_292]
	at java.lang.Thread.run(Thread.java:748) [na:1.8.0_292]
Caused by: java.io.IOException: Server returned HTTP response code: 502 for URL: http://47.97.61.96:8848/nacos/v1/ns/instance/beat?app=unknown&serviceName=DEFAULT_GROUP%40%40redamancy-authentication-center&namespaceId=public&port=9010&clusterName=DEFAULT&ip=192.168.31.159
	at sun.net.www.protocol.http.HttpURLConnection.getInputStream0(HttpURLConnection.java:1900) ~[na:1.8.0_292]
	at sun.net.www.protocol.http.HttpURLConnection.getInputStream(HttpURLConnection.java:1498) ~[na:1.8.0_292]
	at java.net.HttpURLConnection.getResponseCode(HttpURLConnection.java:480) ~[na:1.8.0_292]
	at com.alibaba.nacos.common.http.client.response.JdkHttpClientResponse.getStatusCode(JdkHttpClientResponse.java:75) ~[nacos-common-1.4.1.jar:na]
	at com.alibaba.nacos.common.http.client.handler.AbstractResponseHandler.handle(AbstractResponseHandler.java:43) ~[nacos-common-1.4.1.jar:na]
	... 14 common frames omitted

2022-06-13 14:07:06.137 ERROR 5468 --- [com.alibaba.nacos.naming.beat.sender] com.alibaba.nacos.client.naming          : request: /nacos/v1/ns/instance/beat failed, servers: [47.97.61.96:8848], code: 500, msg: Server returned HTTP response code: 502 for URL: http://47.97.61.96:8848/nacos/v1/ns/instance/beat?app=unknown&serviceName=DEFAULT_GROUP%40%40redamancy-authentication-center&namespaceId=public&port=9010&clusterName=DEFAULT&ip=192.168.31.159
2022-06-13 14:07:06.137 ERROR 5468 --- [com.alibaba.nacos.naming.beat.sender] com.alibaba.nacos.client.naming          : [CLIENT-BEAT] failed to send beat: {"port":9010,"ip":"192.168.31.159","weight":1.0,"serviceName":"DEFAULT_GROUP@@redamancy-authentication-center","cluster":"DEFAULT","metadata":{"preserved.register.source":"SPRING_CLOUD"},"scheduled":false,"period":5000,"stopped":false}, code: 500, msg: failed to req API:/nacos/v1/ns/instance/beat after all servers([47.97.61.96:8848]) tried: java.io.IOException: Server returned HTTP response code: 502 for URL: http://47.97.61.96:8848/nacos/v1/ns/instance/beat?app=unknown&serviceName=DEFAULT_GROUP%40%40redamancy-authentication-center&namespaceId=public&port=9010&clusterName=DEFAULT&ip=192.168.31.159
2022-06-13 14:07:06.218 ERROR 5468 --- [com.alibaba.nacos.client.naming.updater] com.alibaba.nacos.client.naming          : [NA] failed to request

java.io.IOException: Server returned HTTP response code: 502 for URL: http://47.97.61.96:8848/nacos/v1/ns/instance/list?app=unknown&healthyOnly=false&namespaceId=public&clientIP=192.168.31.159&serviceName=DEFAULT_GROUP%40%40redamancy-authentication-center&udpPort=63898&clusters=DEFAULT
	at sun.reflect.GeneratedConstructorAccessor80.newInstance(Unknown Source) ~[na:na]
	at sun.reflect.DelegatingConstructorAccessorImpl.newInstance(DelegatingConstructorAccessorImpl.java:45) ~[na:1.8.0_292]
	at java.lang.reflect.Constructor.newInstance(Constructor.java:423) ~[na:1.8.0_292]
	at sun.net.www.protocol.http.HttpURLConnection$10.run(HttpURLConnection.java:1950) ~[na:1.8.0_292]
	at sun.net.www.protocol.http.HttpURLConnection$10.run(HttpURLConnection.java:1945) ~[na:1.8.0_292]
	at java.security.AccessController.doPrivileged(Native Method) ~[na:1.8.0_292]
	at sun.net.www.protocol.http.HttpURLConnection.getChainedException(HttpURLConnection.java:1944) ~[na:1.8.0_292]
	at sun.net.www.protocol.http.HttpURLConnection.getInputStream0(HttpURLConnection.java:1514) ~[na:1.8.0_292]
	at sun.net.www.protocol.http.HttpURLConnection.getInputStream(HttpURLConnection.java:1498) ~[na:1.8.0_292]
	at com.alibaba.nacos.common.http.client.response.JdkHttpClientResponse.getBody(JdkHttpClientResponse.java:60) ~[nacos-common-1.4.1.jar:na]
	at com.alibaba.nacos.common.http.client.handler.AbstractResponseHandler.handleError(AbstractResponseHandler.java:51) ~[nacos-common-1.4.1.jar:na]
	at com.alibaba.nacos.common.http.client.handler.AbstractResponseHandler.handle(AbstractResponseHandler.java:44) ~[nacos-common-1.4.1.jar:na]
	at com.alibaba.nacos.common.http.client.NacosRestTemplate.execute(NacosRestTemplate.java:483) ~[nacos-common-1.4.1.jar:na]
	at com.alibaba.nacos.common.http.client.NacosRestTemplate.exchangeForm(NacosRestTemplate.java:427) ~[nacos-common-1.4.1.jar:na]
	at com.alibaba.nacos.client.naming.net.NamingProxy.callServer(NamingProxy.java:603) [nacos-client-1.4.1.jar:na]
	at com.alibaba.nacos.client.naming.net.NamingProxy.reqApi(NamingProxy.java:526) [nacos-client-1.4.1.jar:na]
	at com.alibaba.nacos.client.naming.net.NamingProxy.reqApi(NamingProxy.java:498) [nacos-client-1.4.1.jar:na]
	at com.alibaba.nacos.client.naming.net.NamingProxy.reqApi(NamingProxy.java:493) [nacos-client-1.4.1.jar:na]
	at com.alibaba.nacos.client.naming.net.NamingProxy.queryList(NamingProxy.java:407) [nacos-client-1.4.1.jar:na]
	at com.alibaba.nacos.client.naming.core.HostReactor.updateService(HostReactor.java:378) [nacos-client-1.4.1.jar:na]
	at com.alibaba.nacos.client.naming.core.HostReactor$UpdateTask.run(HostReactor.java:460) [nacos-client-1.4.1.jar:na]
	at java.util.concurrent.Executors$RunnableAdapter.call(Executors.java:511) [na:1.8.0_292]
	at java.util.concurrent.FutureTask.run(FutureTask.java:266) [na:1.8.0_292]
	at java.util.concurrent.ScheduledThreadPoolExecutor$ScheduledFutureTask.access$201(ScheduledThreadPoolExecutor.java:180) [na:1.8.0_292]
	at java.util.concurrent.ScheduledThreadPoolExecutor$ScheduledFutureTask.run(ScheduledThreadPoolExecutor.java:293) [na:1.8.0_292]
	at java.util.concurrent.ThreadPoolExecutor.runWorker(ThreadPoolExecutor.java:1149) [na:1.8.0_292]
	at java.util.concurrent.ThreadPoolExecutor$Worker.run(ThreadPoolExecutor.java:624) [na:1.8.0_292]
	at java.lang.Thread.run(Thread.java:748) [na:1.8.0_292]
Caused by: java.io.IOException: Server returned HTTP response code: 502 for URL: http://47.97.61.96:8848/nacos/v1/ns/instance/list?app=unknown&healthyOnly=false&namespaceId=public&clientIP=192.168.31.159&serviceName=DEFAULT_GROUP%40%40redamancy-authentication-center&udpPort=63898&clusters=DEFAULT
	at sun.net.www.protocol.http.HttpURLConnection.getInputStream0(HttpURLConnection.java:1900) ~[na:1.8.0_292]
	at sun.net.www.protocol.http.HttpURLConnection.getInputStream(HttpURLConnection.java:1498) ~[na:1.8.0_292]
	at java.net.HttpURLConnection.getResponseCode(HttpURLConnection.java:480) ~[na:1.8.0_292]
	at com.alibaba.nacos.common.http.client.response.JdkHttpClientResponse.getStatusCode(JdkHttpClientResponse.java:75) ~[nacos-common-1.4.1.jar:na]
	at com.alibaba.nacos.common.http.client.handler.AbstractResponseHandler.handle(AbstractResponseHandler.java:43) ~[nacos-common-1.4.1.jar:na]
	... 16 common frames omitted

2022-06-13 14:07:06.228 ERROR 5468 --- [com.alibaba.nacos.client.naming.updater] com.alibaba.nacos.client.naming          : [NA] failed to request

java.io.IOException: Server returned HTTP response code: 502 for URL: http://47.97.61.96:8848/nacos/v1/ns/instance/list?app=unknown&healthyOnly=false&namespaceId=public&clientIP=192.168.31.159&serviceName=DEFAULT_GROUP%40%40redamancy-authentication-center&udpPort=63898&clusters=DEFAULT
	at sun.reflect.GeneratedConstructorAccessor80.newInstance(Unknown Source) ~[na:na]
	at sun.reflect.DelegatingConstructorAccessorImpl.newInstance(DelegatingConstructorAccessorImpl.java:45) ~[na:1.8.0_292]
	at java.lang.reflect.Constructor.newInstance(Constructor.java:423) ~[na:1.8.0_292]
	at sun.net.www.protocol.http.HttpURLConnection$10.run(HttpURLConnection.java:1950) ~[na:1.8.0_292]
	at sun.net.www.protocol.http.HttpURLConnection$10.run(HttpURLConnection.java:1945) ~[na:1.8.0_292]
	at java.security.AccessController.doPrivileged(Native Method) ~[na:1.8.0_292]
	at sun.net.www.protocol.http.HttpURLConnection.getChainedException(HttpURLConnection.java:1944) ~[na:1.8.0_292]
	at sun.net.www.protocol.http.HttpURLConnection.getInputStream0(HttpURLConnection.java:1514) ~[na:1.8.0_292]
	at sun.net.www.protocol.http.HttpURLConnection.getInputStream(HttpURLConnection.java:1498) ~[na:1.8.0_292]
	at com.alibaba.nacos.common.http.client.response.JdkHttpClientResponse.getBody(JdkHttpClientResponse.java:60) ~[nacos-common-1.4.1.jar:na]
	at com.alibaba.nacos.common.http.client.handler.AbstractResponseHandler.handleError(AbstractResponseHandler.java:51) ~[nacos-common-1.4.1.jar:na]
	at com.alibaba.nacos.common.http.client.handler.AbstractResponseHandler.handle(AbstractResponseHandler.java:44) ~[nacos-common-1.4.1.jar:na]
	at com.alibaba.nacos.common.http.client.NacosRestTemplate.execute(NacosRestTemplate.java:483) ~[nacos-common-1.4.1.jar:na]
	at com.alibaba.nacos.common.http.client.NacosRestTemplate.exchangeForm(NacosRestTemplate.java:427) ~[nacos-common-1.4.1.jar:na]
	at com.alibaba.nacos.client.naming.net.NamingProxy.callServer(NamingProxy.java:603) [nacos-client-1.4.1.jar:na]
	at com.alibaba.nacos.client.naming.net.NamingProxy.reqApi(NamingProxy.java:526) [nacos-client-1.4.1.jar:na]
	at com.alibaba.nacos.client.naming.net.NamingProxy.reqApi(NamingProxy.java:498) [nacos-client-1.4.1.jar:na]
	at com.alibaba.nacos.client.naming.net.NamingProxy.reqApi(NamingProxy.java:493) [nacos-client-1.4.1.jar:na]
	at com.alibaba.nacos.client.naming.net.NamingProxy.queryList(NamingProxy.java:407) [nacos-client-1.4.1.jar:na]
	at com.alibaba.nacos.client.naming.core.HostReactor.updateService(HostReactor.java:378) [nacos-client-1.4.1.jar:na]
	at com.alibaba.nacos.client.naming.core.HostReactor$UpdateTask.run(HostReactor.java:460) [nacos-client-1.4.1.jar:na]
	at java.util.concurrent.Executors$RunnableAdapter.call(Executors.java:511) [na:1.8.0_292]
	at java.util.concurrent.FutureTask.run(FutureTask.java:266) [na:1.8.0_292]
	at java.util.concurrent.ScheduledThreadPoolExecutor$ScheduledFutureTask.access$201(ScheduledThreadPoolExecutor.java:180) [na:1.8.0_292]
	at java.util.concurrent.ScheduledThreadPoolExecutor$ScheduledFutureTask.run(ScheduledThreadPoolExecutor.java:293) [na:1.8.0_292]
	at java.util.concurrent.ThreadPoolExecutor.runWorker(ThreadPoolExecutor.java:1149) [na:1.8.0_292]
	at java.util.concurrent.ThreadPoolExecutor$Worker.run(ThreadPoolExecutor.java:624) [na:1.8.0_292]
	at java.lang.Thread.run(Thread.java:748) [na:1.8.0_292]
Caused by: java.io.IOException: Server returned HTTP response code: 502 for URL: http://47.97.61.96:8848/nacos/v1/ns/instance/list?app=unknown&healthyOnly=false&namespaceId=public&clientIP=192.168.31.159&serviceName=DEFAULT_GROUP%40%40redamancy-authentication-center&udpPort=63898&clusters=DEFAULT
	at sun.net.www.protocol.http.HttpURLConnection.getInputStream0(HttpURLConnection.java:1900) ~[na:1.8.0_292]
	at sun.net.www.protocol.http.HttpURLConnection.getInputStream(HttpURLConnection.java:1498) ~[na:1.8.0_292]
	at java.net.HttpURLConnection.getResponseCode(HttpURLConnection.java:480) ~[na:1.8.0_292]
	at com.alibaba.nacos.common.http.client.response.JdkHttpClientResponse.getStatusCode(JdkHttpClientResponse.java:75) ~[nacos-common-1.4.1.jar:na]
	at com.alibaba.nacos.common.http.client.handler.AbstractResponseHandler.handle(AbstractResponseHandler.java:43) ~[nacos-common-1.4.1.jar:na]
	... 16 common frames omitted

2022-06-13 14:07:06.234 ERROR 5468 --- [com.alibaba.nacos.client.naming.updater] com.alibaba.nacos.client.naming          : [NA] failed to request

java.io.IOException: Server returned HTTP response code: 502 for URL: http://47.97.61.96:8848/nacos/v1/ns/instance/list?app=unknown&healthyOnly=false&namespaceId=public&clientIP=192.168.31.159&serviceName=DEFAULT_GROUP%40%40redamancy-authentication-center&udpPort=63898&clusters=DEFAULT
	at sun.reflect.GeneratedConstructorAccessor80.newInstance(Unknown Source) ~[na:na]
	at sun.reflect.DelegatingConstructorAccessorImpl.newInstance(DelegatingConstructorAccessorImpl.java:45) ~[na:1.8.0_292]
	at java.lang.reflect.Constructor.newInstance(Constructor.java:423) ~[na:1.8.0_292]
	at sun.net.www.protocol.http.HttpURLConnection$10.run(HttpURLConnection.java:1950) ~[na:1.8.0_292]
	at sun.net.www.protocol.http.HttpURLConnection$10.run(HttpURLConnection.java:1945) ~[na:1.8.0_292]
	at java.security.AccessController.doPrivileged(Native Method) ~[na:1.8.0_292]
	at sun.net.www.protocol.http.HttpURLConnection.getChainedException(HttpURLConnection.java:1944) ~[na:1.8.0_292]
	at sun.net.www.protocol.http.HttpURLConnection.getInputStream0(HttpURLConnection.java:1514) ~[na:1.8.0_292]
	at sun.net.www.protocol.http.HttpURLConnection.getInputStream(HttpURLConnection.java:1498) ~[na:1.8.0_292]
	at com.alibaba.nacos.common.http.client.response.JdkHttpClientResponse.getBody(JdkHttpClientResponse.java:60) ~[nacos-common-1.4.1.jar:na]
	at com.alibaba.nacos.common.http.client.handler.AbstractResponseHandler.handleError(AbstractResponseHandler.java:51) ~[nacos-common-1.4.1.jar:na]
	at com.alibaba.nacos.common.http.client.handler.AbstractResponseHandler.handle(AbstractResponseHandler.java:44) ~[nacos-common-1.4.1.jar:na]
	at com.alibaba.nacos.common.http.client.NacosRestTemplate.execute(NacosRestTemplate.java:483) ~[nacos-common-1.4.1.jar:na]
	at com.alibaba.nacos.common.http.client.NacosRestTemplate.exchangeForm(NacosRestTemplate.java:427) ~[nacos-common-1.4.1.jar:na]
	at com.alibaba.nacos.client.naming.net.NamingProxy.callServer(NamingProxy.java:603) [nacos-client-1.4.1.jar:na]
	at com.alibaba.nacos.client.naming.net.NamingProxy.reqApi(NamingProxy.java:526) [nacos-client-1.4.1.jar:na]
	at com.alibaba.nacos.client.naming.net.NamingProxy.reqApi(NamingProxy.java:498) [nacos-client-1.4.1.jar:na]
	at com.alibaba.nacos.client.naming.net.NamingProxy.reqApi(NamingProxy.java:493) [nacos-client-1.4.1.jar:na]
	at com.alibaba.nacos.client.naming.net.NamingProxy.queryList(NamingProxy.java:407) [nacos-client-1.4.1.jar:na]
	at com.alibaba.nacos.client.naming.core.HostReactor.updateService(HostReactor.java:378) [nacos-client-1.4.1.jar:na]
	at com.alibaba.nacos.client.naming.core.HostReactor$UpdateTask.run(HostReactor.java:460) [nacos-client-1.4.1.jar:na]
	at java.util.concurrent.Executors$RunnableAdapter.call(Executors.java:511) [na:1.8.0_292]
	at java.util.concurrent.FutureTask.run(FutureTask.java:266) [na:1.8.0_292]
	at java.util.concurrent.ScheduledThreadPoolExecutor$ScheduledFutureTask.access$201(ScheduledThreadPoolExecutor.java:180) [na:1.8.0_292]
	at java.util.concurrent.ScheduledThreadPoolExecutor$ScheduledFutureTask.run(ScheduledThreadPoolExecutor.java:293) [na:1.8.0_292]
	at java.util.concurrent.ThreadPoolExecutor.runWorker(ThreadPoolExecutor.java:1149) [na:1.8.0_292]
	at java.util.concurrent.ThreadPoolExecutor$Worker.run(ThreadPoolExecutor.java:624) [na:1.8.0_292]
	at java.lang.Thread.run(Thread.java:748) [na:1.8.0_292]
Caused by: java.io.IOException: Server returned HTTP response code: 502 for URL: http://47.97.61.96:8848/nacos/v1/ns/instance/list?app=unknown&healthyOnly=false&namespaceId=public&clientIP=192.168.31.159&serviceName=DEFAULT_GROUP%40%40redamancy-authentication-center&udpPort=63898&clusters=DEFAULT
	at sun.net.www.protocol.http.HttpURLConnection.getInputStream0(HttpURLConnection.java:1900) ~[na:1.8.0_292]
	at sun.net.www.protocol.http.HttpURLConnection.getInputStream(HttpURLConnection.java:1498) ~[na:1.8.0_292]
	at java.net.HttpURLConnection.getResponseCode(HttpURLConnection.java:480) ~[na:1.8.0_292]
	at com.alibaba.nacos.common.http.client.response.JdkHttpClientResponse.getStatusCode(JdkHttpClientResponse.java:75) ~[nacos-common-1.4.1.jar:na]
	at com.alibaba.nacos.common.http.client.handler.AbstractResponseHandler.handle(AbstractResponseHandler.java:43) ~[nacos-common-1.4.1.jar:na]
	... 16 common frames omitted

2022-06-13 14:07:06.235 ERROR 5468 --- [com.alibaba.nacos.client.naming.updater] com.alibaba.nacos.client.naming          : request: /nacos/v1/ns/instance/list failed, servers: [47.97.61.96:8848], code: 500, msg: Server returned HTTP response code: 502 for URL: http://47.97.61.96:8848/nacos/v1/ns/instance/list?app=unknown&healthyOnly=false&namespaceId=public&clientIP=192.168.31.159&serviceName=DEFAULT_GROUP%40%40redamancy-authentication-center&udpPort=63898&clusters=DEFAULT
2022-06-13 14:07:06.235  WARN 5468 --- [com.alibaba.nacos.client.naming.updater] com.alibaba.nacos.client.naming          : [NA] failed to update serviceName: DEFAULT_GROUP@@redamancy-authentication-center

com.alibaba.nacos.api.exception.NacosException: failed to req API:/nacos/v1/ns/instance/list after all servers([47.97.61.96:8848]) tried: java.io.IOException: Server returned HTTP response code: 502 for URL: http://47.97.61.96:8848/nacos/v1/ns/instance/list?app=unknown&healthyOnly=false&namespaceId=public&clientIP=192.168.31.159&serviceName=DEFAULT_GROUP%40%40redamancy-authentication-center&udpPort=63898&clusters=DEFAULT
	at com.alibaba.nacos.client.naming.net.NamingProxy.reqApi(NamingProxy.java:556) ~[nacos-client-1.4.1.jar:na]
	at com.alibaba.nacos.client.naming.net.NamingProxy.reqApi(NamingProxy.java:498) ~[nacos-client-1.4.1.jar:na]
	at com.alibaba.nacos.client.naming.net.NamingProxy.reqApi(NamingProxy.java:493) ~[nacos-client-1.4.1.jar:na]
	at com.alibaba.nacos.client.naming.net.NamingProxy.queryList(NamingProxy.java:407) ~[nacos-client-1.4.1.jar:na]
	at com.alibaba.nacos.client.naming.core.HostReactor.updateService(HostReactor.java:378) ~[nacos-client-1.4.1.jar:na]
	at com.alibaba.nacos.client.naming.core.HostReactor$UpdateTask.run(HostReactor.java:460) ~[nacos-client-1.4.1.jar:na]
	at java.util.concurrent.Executors$RunnableAdapter.call(Executors.java:511) [na:1.8.0_292]
	at java.util.concurrent.FutureTask.run(FutureTask.java:266) [na:1.8.0_292]
	at java.util.concurrent.ScheduledThreadPoolExecutor$ScheduledFutureTask.access$201(ScheduledThreadPoolExecutor.java:180) [na:1.8.0_292]
	at java.util.concurrent.ScheduledThreadPoolExecutor$ScheduledFutureTask.run(ScheduledThreadPoolExecutor.java:293) [na:1.8.0_292]
	at java.util.concurrent.ThreadPoolExecutor.runWorker(ThreadPoolExecutor.java:1149) [na:1.8.0_292]
	at java.util.concurrent.ThreadPoolExecutor$Worker.run(ThreadPoolExecutor.java:624) [na:1.8.0_292]
	at java.lang.Thread.run(Thread.java:748) [na:1.8.0_292]

2022-06-13 14:15:58.294  WARN 5468 --- [Thread-34] c.a.nacos.common.notify.NotifyCenter     : [NotifyCenter] Start destroying Publisher
2022-06-13 14:15:58.291  WARN 5468 --- [Thread-7] c.a.n.common.http.HttpClientBeanHolder   : [HttpClientBeanHolder] Start destroying common HttpClient
2022-06-13 14:15:58.303  WARN 5468 --- [Thread-34] c.a.nacos.common.notify.NotifyCenter     : [NotifyCenter] Destruction of the end
2022-06-13 14:15:58.310  WARN 5468 --- [Thread-7] c.a.n.common.http.HttpClientBeanHolder   : [HttpClientBeanHolder] Destruction of the end
2022-06-13 14:15:59.420  INFO 5468 --- [SpringApplicationShutdownHook] c.a.c.n.registry.NacosServiceRegistry    : De-registering from Nacos Server now...
2022-06-13 14:15:59.421  INFO 5468 --- [SpringApplicationShutdownHook] com.alibaba.nacos.client.naming          : [BEAT] removing beat: DEFAULT_GROUP@@redamancy-authentication-center:192.168.31.159:9010 from beat map.
2022-06-13 14:15:59.422  INFO 5468 --- [SpringApplicationShutdownHook] com.alibaba.nacos.client.naming          : [DEREGISTER-SERVICE] public deregistering service DEFAULT_GROUP@@redamancy-authentication-center with instance: Instance{instanceId='null', ip='192.168.31.159', port=9010, weight=1.0, healthy=true, enabled=true, ephemeral=true, clusterName='DEFAULT', serviceName='null', metadata={}}
2022-06-13 14:15:59.445  INFO 5468 --- [SpringApplicationShutdownHook] c.a.c.n.registry.NacosServiceRegistry    : De-registration finished.
2022-06-13 14:15:59.447  INFO 5468 --- [SpringApplicationShutdownHook] com.alibaba.nacos.client.naming          : com.alibaba.nacos.client.naming.beat.BeatReactor do shutdown begin
2022-06-13 14:15:59.882  INFO 5468 --- [SpringApplicationShutdownHook] com.alibaba.nacos.client.naming          : com.alibaba.nacos.client.naming.beat.BeatReactor do shutdown stop
2022-06-13 14:15:59.883  INFO 5468 --- [SpringApplicationShutdownHook] com.alibaba.nacos.client.naming          : com.alibaba.nacos.client.naming.core.HostReactor do shutdown begin
2022-06-13 14:16:02.557  INFO 5468 --- [com.alibaba.nacos.client.naming.updater] com.alibaba.nacos.client.naming          : removed ips(1) service: DEFAULT_GROUP@@redamancy-authentication-center@@DEFAULT -> [{"instanceId":"192.168.31.159#9010#DEFAULT#DEFAULT_GROUP@@redamancy-authentication-center","ip":"192.168.31.159","port":9010,"weight":1.0,"healthy":true,"enabled":true,"ephemeral":true,"clusterName":"DEFAULT","serviceName":"DEFAULT_GROUP@@redamancy-authentication-center","metadata":{"preserved.register.source":"SPRING_CLOUD"},"instanceHeartBeatInterval":5000,"instanceHeartBeatTimeOut":15000,"ipDeleteTimeout":30000}]
2022-06-13 14:16:02.563  INFO 5468 --- [com.alibaba.nacos.client.naming.updater] com.alibaba.nacos.client.naming          : current ips:(0) service: DEFAULT_GROUP@@redamancy-authentication-center@@DEFAULT -> []
2022-06-13 14:16:02.566  INFO 5468 --- [SpringApplicationShutdownHook] com.alibaba.nacos.client.naming          : com.alibaba.nacos.client.naming.core.PushReceiver do shutdown begin
2022-06-13 14:16:05.579  INFO 5468 --- [SpringApplicationShutdownHook] com.alibaba.nacos.client.naming          : com.alibaba.nacos.client.naming.core.PushReceiver do shutdown stop
2022-06-13 14:16:05.581  INFO 5468 --- [SpringApplicationShutdownHook] com.alibaba.nacos.client.naming          : com.alibaba.nacos.client.naming.backups.FailoverReactor do shutdown begin
2022-06-13 14:16:05.583  INFO 5468 --- [SpringApplicationShutdownHook] com.alibaba.nacos.client.naming          : com.alibaba.nacos.client.naming.backups.FailoverReactor do shutdown stop
2022-06-13 14:16:05.583  INFO 5468 --- [SpringApplicationShutdownHook] com.alibaba.nacos.client.naming          : com.alibaba.nacos.client.naming.core.HostReactor do shutdown stop
2022-06-13 14:16:05.584  INFO 5468 --- [SpringApplicationShutdownHook] com.alibaba.nacos.client.naming          : com.alibaba.nacos.client.naming.net.NamingProxy do shutdown begin
2022-06-13 14:16:05.586  WARN 5468 --- [SpringApplicationShutdownHook] com.alibaba.nacos.client.naming          : [NamingHttpClientManager] Start destroying NacosRestTemplate
2022-06-13 14:16:05.587  WARN 5468 --- [SpringApplicationShutdownHook] com.alibaba.nacos.client.naming          : [NamingHttpClientManager] Destruction of the end
2022-06-13 14:16:05.587  INFO 5468 --- [SpringApplicationShutdownHook] c.a.n.client.identify.CredentialWatcher  : [null] CredentialWatcher is stopped
2022-06-13 14:16:05.588  INFO 5468 --- [SpringApplicationShutdownHook] c.a.n.client.identify.CredentialService  : [null] CredentialService is freed
2022-06-13 14:16:05.589  INFO 5468 --- [SpringApplicationShutdownHook] com.alibaba.nacos.client.naming          : com.alibaba.nacos.client.naming.net.NamingProxy do shutdown stop
2022-06-13 14:16:05.590  WARN 5468 --- [SpringApplicationShutdownHook] o.s.b.f.support.DisposableBeanAdapter    : Custom destroy method 'close' on bean with name 'nacosServiceRegistry' threw an exception: java.lang.NullPointerException
2022-06-13 14:16:05.785  INFO 5468 --- [SpringApplicationShutdownHook] com.alibaba.druid.pool.DruidDataSource   : {dataSource-1} closing ...
2022-06-13 14:16:05.801  INFO 5468 --- [SpringApplicationShutdownHook] com.alibaba.druid.pool.DruidDataSource   : {dataSource-1} closed
